{"/Users/briansinnicke/Desktop/projects/Github/react-native-simple-stepper/SimpleStepper.js": {"path":"/Users/briansinnicke/Desktop/projects/Github/react-native-simple-stepper/SimpleStepper.js","statementMap":{"0":{"start":{"line":52,"column":4},"end":{"line":52,"column":17}},"1":{"start":{"line":53,"column":4},"end":{"line":60,"column":6}},"2":{"start":{"line":63,"column":4},"end":{"line":70,"column":6}},"3":{"start":{"line":80,"column":8},"end":{"line":80,"column":18}},"4":{"start":{"line":81,"column":4},"end":{"line":150,"column":5}},"5":{"start":{"line":82,"column":6},"end":{"line":89,"column":8}},"6":{"start":{"line":90,"column":11},"end":{"line":150,"column":5}},"7":{"start":{"line":93,"column":6},"end":{"line":100,"column":8}},"8":{"start":{"line":101,"column":11},"end":{"line":150,"column":5}},"9":{"start":{"line":105,"column":29},"end":{"line":105,"column":66}},"10":{"start":{"line":106,"column":29},"end":{"line":106,"column":66}},"11":{"start":{"line":107,"column":6},"end":{"line":149,"column":7}},"12":{"start":{"line":108,"column":8},"end":{"line":115,"column":10}},"13":{"start":{"line":117,"column":8},"end":{"line":148,"column":9}},"14":{"start":{"line":118,"column":10},"end":{"line":124,"column":12}},"15":{"start":{"line":125,"column":10},"end":{"line":131,"column":12}},"16":{"start":{"line":132,"column":15},"end":{"line":148,"column":9}},"17":{"start":{"line":133,"column":10},"end":{"line":139,"column":12}},"18":{"start":{"line":141,"column":10},"end":{"line":147,"column":12}},"19":{"start":{"line":153,"column":16},"end":{"line":153,"column":32}},"20":{"start":{"line":154,"column":20},"end":{"line":154,"column":40}},"21":{"start":{"line":155,"column":4},"end":{"line":155,"column":23}},"22":{"start":{"line":156,"column":4},"end":{"line":163,"column":6}},"23":{"start":{"line":166,"column":16},"end":{"line":166,"column":32}},"24":{"start":{"line":167,"column":20},"end":{"line":167,"column":40}},"25":{"start":{"line":168,"column":4},"end":{"line":168,"column":23}},"26":{"start":{"line":169,"column":4},"end":{"line":176,"column":6}},"27":{"start":{"line":179,"column":4},"end":{"line":181,"column":5}},"28":{"start":{"line":180,"column":6},"end":{"line":180,"column":70}},"29":{"start":{"line":182,"column":24},"end":{"line":182,"column":52}},"30":{"start":{"line":183,"column":24},"end":{"line":183,"column":52}},"31":{"start":{"line":184,"column":4},"end":{"line":188,"column":5}},"32":{"start":{"line":186,"column":6},"end":{"line":186,"column":51}},"33":{"start":{"line":187,"column":6},"end":{"line":187,"column":51}},"34":{"start":{"line":189,"column":4},"end":{"line":197,"column":5}},"35":{"start":{"line":190,"column":6},"end":{"line":190,"column":32}},"36":{"start":{"line":191,"column":11},"end":{"line":197,"column":5}},"37":{"start":{"line":192,"column":6},"end":{"line":192,"column":18}},"38":{"start":{"line":193,"column":11},"end":{"line":197,"column":5}},"39":{"start":{"line":194,"column":6},"end":{"line":194,"column":32}},"40":{"start":{"line":195,"column":11},"end":{"line":197,"column":5}},"41":{"start":{"line":196,"column":6},"end":{"line":196,"column":18}},"42":{"start":{"line":198,"column":4},"end":{"line":209,"column":7}},"43":{"start":{"line":210,"column":4},"end":{"line":212,"column":5}},"44":{"start":{"line":211,"column":6},"end":{"line":211,"column":37}},"45":{"start":{"line":215,"column":4},"end":{"line":217,"column":5}},"46":{"start":{"line":216,"column":6},"end":{"line":216,"column":47}},"47":{"start":{"line":218,"column":4},"end":{"line":218,"column":16}},"48":{"start":{"line":221,"column":4},"end":{"line":231,"column":5}},"49":{"start":{"line":222,"column":6},"end":{"line":230,"column":7}},"50":{"start":{"line":223,"column":8},"end":{"line":227,"column":9}},"51":{"start":{"line":224,"column":10},"end":{"line":224,"column":51}},"52":{"start":{"line":225,"column":15},"end":{"line":227,"column":9}},"53":{"start":{"line":226,"column":10},"end":{"line":226,"column":51}},"54":{"start":{"line":229,"column":8},"end":{"line":229,"column":26}},"55":{"start":{"line":232,"column":4},"end":{"line":232,"column":15}},"56":{"start":{"line":235,"column":4},"end":{"line":239,"column":5}},"57":{"start":{"line":236,"column":6},"end":{"line":238,"column":7}},"58":{"start":{"line":237,"column":8},"end":{"line":237,"column":46}},"59":{"start":{"line":240,"column":4},"end":{"line":240,"column":16}},"60":{"start":{"line":243,"column":4},"end":{"line":251,"column":5}},"61":{"start":{"line":244,"column":19},"end":{"line":249,"column":7}},"62":{"start":{"line":250,"column":6},"end":{"line":250,"column":30}},"63":{"start":{"line":252,"column":4},"end":{"line":254,"column":6}},"64":{"start":{"line":271,"column":8},"end":{"line":271,"column":18}},"65":{"start":{"line":272,"column":31},"end":{"line":272,"column":67}},"66":{"start":{"line":273,"column":31},"end":{"line":273,"column":67}},"67":{"start":{"line":274,"column":30},"end":{"line":274,"column":72}},"68":{"start":{"line":275,"column":30},"end":{"line":275,"column":72}},"69":{"start":{"line":276,"column":27},"end":{"line":280,"column":5}},"70":{"start":{"line":281,"column":27},"end":{"line":285,"column":5}},"71":{"start":{"line":291,"column":8},"end":{"line":291,"column":18}},"72":{"start":{"line":292,"column":4},"end":{"line":338,"column":6}},"73":{"start":{"line":342,"column":13},"end":{"line":361,"column":2}}},"fnMap":{"0":{"name":"(anonymous_0)","decl":{"start":{"line":51,"column":2},"end":{"line":51,"column":3}},"loc":{"start":{"line":51,"column":21},"end":{"line":61,"column":3}},"line":51},"1":{"name":"(anonymous_1)","decl":{"start":{"line":62,"column":2},"end":{"line":62,"column":3}},"loc":{"start":{"line":62,"column":23},"end":{"line":71,"column":3}},"line":62},"2":{"name":"(anonymous_2)","decl":{"start":{"line":72,"column":2},"end":{"line":72,"column":3}},"loc":{"start":{"line":72,"column":39},"end":{"line":151,"column":3}},"line":72},"3":{"name":"(anonymous_3)","decl":{"start":{"line":152,"column":20},"end":{"line":152,"column":21}},"loc":{"start":{"line":152,"column":26},"end":{"line":164,"column":3}},"line":152},"4":{"name":"(anonymous_4)","decl":{"start":{"line":165,"column":20},"end":{"line":165,"column":21}},"loc":{"start":{"line":165,"column":26},"end":{"line":177,"column":3}},"line":165},"5":{"name":"(anonymous_5)","decl":{"start":{"line":178,"column":18},"end":{"line":178,"column":19}},"loc":{"start":{"line":178,"column":62},"end":{"line":213,"column":3}},"line":178},"6":{"name":"(anonymous_6)","decl":{"start":{"line":214,"column":2},"end":{"line":214,"column":3}},"loc":{"start":{"line":214,"column":20},"end":{"line":219,"column":3}},"line":214},"7":{"name":"(anonymous_7)","decl":{"start":{"line":220,"column":2},"end":{"line":220,"column":3}},"loc":{"start":{"line":220,"column":22},"end":{"line":233,"column":3}},"line":220},"8":{"name":"(anonymous_8)","decl":{"start":{"line":234,"column":2},"end":{"line":234,"column":3}},"loc":{"start":{"line":234,"column":33},"end":{"line":241,"column":3}},"line":234},"9":{"name":"(anonymous_9)","decl":{"start":{"line":242,"column":2},"end":{"line":242,"column":3}},"loc":{"start":{"line":242,"column":58},"end":{"line":255,"column":3}},"line":242},"10":{"name":"(anonymous_10)","decl":{"start":{"line":256,"column":2},"end":{"line":256,"column":3}},"loc":{"start":{"line":256,"column":11},"end":{"line":339,"column":3}},"line":256}},"branchMap":{"0":{"loc":{"start":{"line":81,"column":4},"end":{"line":150,"column":5}},"type":"if","locations":[{"start":{"line":81,"column":4},"end":{"line":150,"column":5}},{"start":{"line":81,"column":4},"end":{"line":150,"column":5}}],"line":81},"1":{"loc":{"start":{"line":90,"column":11},"end":{"line":150,"column":5}},"type":"if","locations":[{"start":{"line":90,"column":11},"end":{"line":150,"column":5}},{"start":{"line":90,"column":11},"end":{"line":150,"column":5}}],"line":90},"2":{"loc":{"start":{"line":91,"column":6},"end":{"line":91,"column":74}},"type":"binary-expr","locations":[{"start":{"line":91,"column":6},"end":{"line":91,"column":37}},{"start":{"line":91,"column":41},"end":{"line":91,"column":74}}],"line":91},"3":{"loc":{"start":{"line":101,"column":11},"end":{"line":150,"column":5}},"type":"if","locations":[{"start":{"line":101,"column":11},"end":{"line":150,"column":5}},{"start":{"line":101,"column":11},"end":{"line":150,"column":5}}],"line":101},"4":{"loc":{"start":{"line":102,"column":6},"end":{"line":103,"column":45}},"type":"binary-expr","locations":[{"start":{"line":102,"column":6},"end":{"line":102,"column":45}},{"start":{"line":103,"column":6},"end":{"line":103,"column":45}}],"line":102},"5":{"loc":{"start":{"line":107,"column":6},"end":{"line":149,"column":7}},"type":"if","locations":[{"start":{"line":107,"column":6},"end":{"line":149,"column":7}},{"start":{"line":107,"column":6},"end":{"line":149,"column":7}}],"line":107},"6":{"loc":{"start":{"line":107,"column":10},"end":{"line":107,"column":42}},"type":"binary-expr","locations":[{"start":{"line":107,"column":10},"end":{"line":107,"column":24}},{"start":{"line":107,"column":28},"end":{"line":107,"column":42}}],"line":107},"7":{"loc":{"start":{"line":117,"column":8},"end":{"line":148,"column":9}},"type":"if","locations":[{"start":{"line":117,"column":8},"end":{"line":148,"column":9}},{"start":{"line":117,"column":8},"end":{"line":148,"column":9}}],"line":117},"8":{"loc":{"start":{"line":117,"column":12},"end":{"line":117,"column":62}},"type":"binary-expr","locations":[{"start":{"line":117,"column":12},"end":{"line":117,"column":35}},{"start":{"line":117,"column":39},"end":{"line":117,"column":62}}],"line":117},"9":{"loc":{"start":{"line":132,"column":15},"end":{"line":148,"column":9}},"type":"if","locations":[{"start":{"line":132,"column":15},"end":{"line":148,"column":9}},{"start":{"line":132,"column":15},"end":{"line":148,"column":9}}],"line":132},"10":{"loc":{"start":{"line":179,"column":4},"end":{"line":181,"column":5}},"type":"if","locations":[{"start":{"line":179,"column":4},"end":{"line":181,"column":5}},{"start":{"line":179,"column":4},"end":{"line":181,"column":5}}],"line":179},"11":{"loc":{"start":{"line":182,"column":24},"end":{"line":182,"column":52}},"type":"cond-expr","locations":[{"start":{"line":182,"column":32},"end":{"line":182,"column":37}},{"start":{"line":182,"column":40},"end":{"line":182,"column":52}}],"line":182},"12":{"loc":{"start":{"line":183,"column":24},"end":{"line":183,"column":52}},"type":"cond-expr","locations":[{"start":{"line":183,"column":32},"end":{"line":183,"column":37}},{"start":{"line":183,"column":40},"end":{"line":183,"column":52}}],"line":183},"13":{"loc":{"start":{"line":184,"column":4},"end":{"line":188,"column":5}},"type":"if","locations":[{"start":{"line":184,"column":4},"end":{"line":188,"column":5}},{"start":{"line":184,"column":4},"end":{"line":188,"column":5}}],"line":184},"14":{"loc":{"start":{"line":186,"column":22},"end":{"line":186,"column":50}},"type":"cond-expr","locations":[{"start":{"line":186,"column":30},"end":{"line":186,"column":35}},{"start":{"line":186,"column":38},"end":{"line":186,"column":50}}],"line":186},"15":{"loc":{"start":{"line":187,"column":22},"end":{"line":187,"column":50}},"type":"cond-expr","locations":[{"start":{"line":187,"column":30},"end":{"line":187,"column":35}},{"start":{"line":187,"column":38},"end":{"line":187,"column":50}}],"line":187},"16":{"loc":{"start":{"line":189,"column":4},"end":{"line":197,"column":5}},"type":"if","locations":[{"start":{"line":189,"column":4},"end":{"line":197,"column":5}},{"start":{"line":189,"column":4},"end":{"line":197,"column":5}}],"line":189},"17":{"loc":{"start":{"line":190,"column":14},"end":{"line":190,"column":31}},"type":"cond-expr","locations":[{"start":{"line":190,"column":22},"end":{"line":190,"column":25}},{"start":{"line":190,"column":28},"end":{"line":190,"column":31}}],"line":190},"18":{"loc":{"start":{"line":191,"column":11},"end":{"line":197,"column":5}},"type":"if","locations":[{"start":{"line":191,"column":11},"end":{"line":197,"column":5}},{"start":{"line":191,"column":11},"end":{"line":197,"column":5}}],"line":191},"19":{"loc":{"start":{"line":193,"column":11},"end":{"line":197,"column":5}},"type":"if","locations":[{"start":{"line":193,"column":11},"end":{"line":197,"column":5}},{"start":{"line":193,"column":11},"end":{"line":197,"column":5}}],"line":193},"20":{"loc":{"start":{"line":194,"column":14},"end":{"line":194,"column":31}},"type":"cond-expr","locations":[{"start":{"line":194,"column":22},"end":{"line":194,"column":25}},{"start":{"line":194,"column":28},"end":{"line":194,"column":31}}],"line":194},"21":{"loc":{"start":{"line":195,"column":11},"end":{"line":197,"column":5}},"type":"if","locations":[{"start":{"line":195,"column":11},"end":{"line":197,"column":5}},{"start":{"line":195,"column":11},"end":{"line":197,"column":5}}],"line":195},"22":{"loc":{"start":{"line":201,"column":21},"end":{"line":201,"column":46}},"type":"binary-expr","locations":[{"start":{"line":201,"column":21},"end":{"line":201,"column":34}},{"start":{"line":201,"column":38},"end":{"line":201,"column":46}}],"line":201},"23":{"loc":{"start":{"line":202,"column":21},"end":{"line":202,"column":46}},"type":"binary-expr","locations":[{"start":{"line":202,"column":21},"end":{"line":202,"column":34}},{"start":{"line":202,"column":38},"end":{"line":202,"column":46}}],"line":202},"24":{"loc":{"start":{"line":203,"column":24},"end":{"line":205,"column":11}},"type":"cond-expr","locations":[{"start":{"line":204,"column":10},"end":{"line":204,"column":36}},{"start":{"line":205,"column":10},"end":{"line":205,"column":11}}],"line":203},"25":{"loc":{"start":{"line":203,"column":24},"end":{"line":203,"column":49}},"type":"binary-expr","locations":[{"start":{"line":203,"column":24},"end":{"line":203,"column":37}},{"start":{"line":203,"column":41},"end":{"line":203,"column":49}}],"line":203},"26":{"loc":{"start":{"line":206,"column":24},"end":{"line":208,"column":11}},"type":"cond-expr","locations":[{"start":{"line":207,"column":10},"end":{"line":207,"column":36}},{"start":{"line":208,"column":10},"end":{"line":208,"column":11}}],"line":206},"27":{"loc":{"start":{"line":206,"column":24},"end":{"line":206,"column":49}},"type":"binary-expr","locations":[{"start":{"line":206,"column":24},"end":{"line":206,"column":37}},{"start":{"line":206,"column":41},"end":{"line":206,"column":49}}],"line":206},"28":{"loc":{"start":{"line":210,"column":4},"end":{"line":212,"column":5}},"type":"if","locations":[{"start":{"line":210,"column":4},"end":{"line":212,"column":5}},{"start":{"line":210,"column":4},"end":{"line":212,"column":5}}],"line":210},"29":{"loc":{"start":{"line":215,"column":4},"end":{"line":217,"column":5}},"type":"if","locations":[{"start":{"line":215,"column":4},"end":{"line":217,"column":5}},{"start":{"line":215,"column":4},"end":{"line":217,"column":5}}],"line":215},"30":{"loc":{"start":{"line":221,"column":4},"end":{"line":231,"column":5}},"type":"if","locations":[{"start":{"line":221,"column":4},"end":{"line":231,"column":5}},{"start":{"line":221,"column":4},"end":{"line":231,"column":5}}],"line":221},"31":{"loc":{"start":{"line":222,"column":6},"end":{"line":230,"column":7}},"type":"if","locations":[{"start":{"line":222,"column":6},"end":{"line":230,"column":7}},{"start":{"line":222,"column":6},"end":{"line":230,"column":7}}],"line":222},"32":{"loc":{"start":{"line":223,"column":8},"end":{"line":227,"column":9}},"type":"if","locations":[{"start":{"line":223,"column":8},"end":{"line":227,"column":9}},{"start":{"line":223,"column":8},"end":{"line":227,"column":9}}],"line":223},"33":{"loc":{"start":{"line":225,"column":15},"end":{"line":227,"column":9}},"type":"if","locations":[{"start":{"line":225,"column":15},"end":{"line":227,"column":9}},{"start":{"line":225,"column":15},"end":{"line":227,"column":9}}],"line":225},"34":{"loc":{"start":{"line":235,"column":4},"end":{"line":239,"column":5}},"type":"if","locations":[{"start":{"line":235,"column":4},"end":{"line":239,"column":5}},{"start":{"line":235,"column":4},"end":{"line":239,"column":5}}],"line":235},"35":{"loc":{"start":{"line":236,"column":6},"end":{"line":238,"column":7}},"type":"if","locations":[{"start":{"line":236,"column":6},"end":{"line":238,"column":7}},{"start":{"line":236,"column":6},"end":{"line":238,"column":7}}],"line":236},"36":{"loc":{"start":{"line":243,"column":4},"end":{"line":251,"column":5}},"type":"if","locations":[{"start":{"line":243,"column":4},"end":{"line":251,"column":5}},{"start":{"line":243,"column":4},"end":{"line":251,"column":5}}],"line":243},"37":{"loc":{"start":{"line":306,"column":20},"end":{"line":306,"column":45}},"type":"binary-expr","locations":[{"start":{"line":306,"column":20},"end":{"line":306,"column":33}},{"start":{"line":306,"column":37},"end":{"line":306,"column":45}}],"line":306},"38":{"loc":{"start":{"line":325,"column":20},"end":{"line":325,"column":45}},"type":"binary-expr","locations":[{"start":{"line":325,"column":20},"end":{"line":325,"column":33}},{"start":{"line":325,"column":37},"end":{"line":325,"column":45}}],"line":325}},"s":{"0":33,"1":33,"2":33,"3":8,"4":8,"5":1,"6":7,"7":1,"8":6,"9":5,"10":5,"11":5,"12":1,"13":4,"14":1,"15":1,"16":3,"17":1,"18":2,"19":2,"20":2,"21":2,"22":2,"23":2,"24":2,"25":2,"26":2,"27":44,"28":1,"29":44,"30":44,"31":44,"32":2,"33":2,"34":44,"35":2,"36":42,"37":2,"38":40,"39":3,"40":37,"41":33,"42":44,"43":44,"44":2,"45":100,"46":99,"47":1,"48":105,"49":5,"50":3,"51":1,"52":2,"53":1,"54":2,"55":101,"56":102,"57":3,"58":2,"59":100,"60":100,"61":1,"62":1,"63":99,"64":49,"65":49,"66":49,"67":49,"68":49,"69":49,"70":49,"71":49,"72":49,"73":1},"f":{"0":33,"1":33,"2":8,"3":2,"4":2,"5":44,"6":100,"7":105,"8":102,"9":100,"10":49},"b":{"0":[1,7],"1":[1,6],"2":[7,6],"3":[5,1],"4":[6,2],"5":[1,4],"6":[5,3],"7":[1,3],"8":[4,2],"9":[1,2],"10":[1,43],"11":[5,39],"12":[5,39],"13":[2,42],"14":[1,1],"15":[1,1],"16":[2,42],"17":[1,1],"18":[2,40],"19":[3,37],"20":[1,2],"21":[33,4],"22":[44,9],"23":[44,43],"24":[35,9],"25":[44,9],"26":[2,42],"27":[44,43],"28":[2,42],"29":[99,1],"30":[5,100],"31":[3,2],"32":[1,2],"33":[1,1],"34":[3,99],"35":[2,1],"36":[1,99],"37":[49,9],"38":[49,47]},"_coverageSchema":"332fd63041d2c1bcb487cc26dd0d5f7d97098a6c","hash":"81da1c30aee4f6d66d74cc8f25ebd32ca8a8ed42"}
}
