TN:
SF:/Users/briansinnicke/Desktop/projects/Github/react-native-simple-stepper/SimpleStepper.js
FN:51,(anonymous_0)
FN:62,(anonymous_1)
FN:72,(anonymous_2)
FN:152,(anonymous_3)
FN:165,(anonymous_4)
FN:178,(anonymous_5)
FN:214,(anonymous_6)
FN:220,(anonymous_7)
FN:234,(anonymous_8)
FN:242,(anonymous_9)
FN:256,(anonymous_10)
FNF:11
FNH:11
FNDA:33,(anonymous_0)
FNDA:33,(anonymous_1)
FNDA:8,(anonymous_2)
FNDA:2,(anonymous_3)
FNDA:2,(anonymous_4)
FNDA:44,(anonymous_5)
FNDA:100,(anonymous_6)
FNDA:105,(anonymous_7)
FNDA:102,(anonymous_8)
FNDA:100,(anonymous_9)
FNDA:49,(anonymous_10)
DA:52,33
DA:53,33
DA:63,33
DA:80,8
DA:81,8
DA:82,1
DA:90,7
DA:93,1
DA:101,6
DA:105,5
DA:106,5
DA:107,5
DA:108,1
DA:117,4
DA:118,1
DA:125,1
DA:132,3
DA:133,1
DA:141,2
DA:153,2
DA:154,2
DA:155,2
DA:156,2
DA:166,2
DA:167,2
DA:168,2
DA:169,2
DA:179,44
DA:180,1
DA:182,44
DA:183,44
DA:184,44
DA:186,2
DA:187,2
DA:189,44
DA:190,2
DA:191,42
DA:192,2
DA:193,40
DA:194,3
DA:195,37
DA:196,33
DA:198,44
DA:210,44
DA:211,2
DA:215,100
DA:216,99
DA:218,1
DA:221,105
DA:222,5
DA:223,3
DA:224,1
DA:225,2
DA:226,1
DA:229,2
DA:232,101
DA:235,102
DA:236,3
DA:237,2
DA:240,100
DA:243,100
DA:244,1
DA:250,1
DA:252,99
DA:271,49
DA:272,49
DA:273,49
DA:274,49
DA:275,49
DA:276,49
DA:281,49
DA:291,49
DA:292,49
DA:342,1
LF:74
LH:74
BRDA:81,0,0,1
BRDA:81,0,1,7
BRDA:90,1,0,1
BRDA:90,1,1,6
BRDA:91,2,0,7
BRDA:91,2,1,6
BRDA:101,3,0,5
BRDA:101,3,1,1
BRDA:102,4,0,6
BRDA:102,4,1,2
BRDA:107,5,0,1
BRDA:107,5,1,4
BRDA:107,6,0,5
BRDA:107,6,1,3
BRDA:117,7,0,1
BRDA:117,7,1,3
BRDA:117,8,0,4
BRDA:117,8,1,2
BRDA:132,9,0,1
BRDA:132,9,1,2
BRDA:179,10,0,1
BRDA:179,10,1,43
BRDA:182,11,0,5
BRDA:182,11,1,39
BRDA:183,12,0,5
BRDA:183,12,1,39
BRDA:184,13,0,2
BRDA:184,13,1,42
BRDA:186,14,0,1
BRDA:186,14,1,1
BRDA:187,15,0,1
BRDA:187,15,1,1
BRDA:189,16,0,2
BRDA:189,16,1,42
BRDA:190,17,0,1
BRDA:190,17,1,1
BRDA:191,18,0,2
BRDA:191,18,1,40
BRDA:193,19,0,3
BRDA:193,19,1,37
BRDA:194,20,0,1
BRDA:194,20,1,2
BRDA:195,21,0,33
BRDA:195,21,1,4
BRDA:201,22,0,44
BRDA:201,22,1,9
BRDA:202,23,0,44
BRDA:202,23,1,43
BRDA:203,24,0,35
BRDA:203,24,1,9
BRDA:203,25,0,44
BRDA:203,25,1,9
BRDA:206,26,0,2
BRDA:206,26,1,42
BRDA:206,27,0,44
BRDA:206,27,1,43
BRDA:210,28,0,2
BRDA:210,28,1,42
BRDA:215,29,0,99
BRDA:215,29,1,1
BRDA:221,30,0,5
BRDA:221,30,1,100
BRDA:222,31,0,3
BRDA:222,31,1,2
BRDA:223,32,0,1
BRDA:223,32,1,2
BRDA:225,33,0,1
BRDA:225,33,1,1
BRDA:235,34,0,3
BRDA:235,34,1,99
BRDA:236,35,0,2
BRDA:236,35,1,1
BRDA:243,36,0,1
BRDA:243,36,1,99
BRDA:306,37,0,49
BRDA:306,37,1,9
BRDA:325,38,0,49
BRDA:325,38,1,47
BRF:78
BRH:78
end_of_record
